<?xml version="1.0" encoding="UTF-8"?>
<!-- Generated by org.testng.reporters.JUnitReportReporter -->
<testsuite skipped="0" hostname="Dell" name="HomeWork.Google" tests="1" failures="0" timestamp="08 Dec 2018 18:15:02 GMT" time="7.454" errors="0">
  <testcase name="GoogleTest" time="7.454" classname="HomeWork.Google"/>
</testsuite> <!-- HomeWork.Google -->
